<?xml version="1.0" encoding="UTF-8"?>
<testng-results ignored="12" total="21" passed="8" failed="1" skipped="0">
  <reporter-output>
  </reporter-output>
  <suite started-at="2023-03-02T23:11:07 IST" name="All Test Suite" finished-at="2023-03-02T23:12:24 IST" duration-ms="77036">
    <groups>
    </groups>
    <test started-at="2023-03-02T23:11:07 IST" name="C:/Users/EKTA/IdeaProjects/SeleniumJava" finished-at="2023-03-02T23:12:24 IST" duration-ms="77036">
      <class name="com.bridgelabz.test.TestScript">
        <test-method signature="WebinarScreen()[pri:0, instance:com.bridgelabz.test.TestScript@18a70f16]" started-at="2023-03-02T23:12:10 IST" name="WebinarScreen" finished-at="2023-03-02T23:12:18 IST" duration-ms="7894" status="PASS">
          <reporter-output>
          </reporter-output>
        </test-method> <!-- WebinarScreen -->
      </class> <!-- com.bridgelabz.test.TestScript -->
      <class name="com.bridgelabz.test.WindowHandling">
        <test-method signature="getWindowAndHandleIt()[pri:0, instance:com.bridgelabz.test.WindowHandling@62e136d3]" started-at="2023-03-02T23:12:18 IST" name="getWindowAndHandleIt" finished-at="2023-03-02T23:12:24 IST" duration-ms="6676" status="PASS">
          <reporter-output>
          </reporter-output>
        </test-method> <!-- getWindowAndHandleIt -->
      </class> <!-- com.bridgelabz.test.WindowHandling -->
      <class name="com.bridgelabz.test.LinkedInFrameHandling">
        <test-method signature="SignUpPage()[pri:0, instance:com.bridgelabz.test.LinkedInFrameHandling@564718df]" started-at="2023-03-02T23:11:59 IST" name="SignUpPage" finished-at="2023-03-02T23:12:06 IST" duration-ms="7812" status="FAIL">
          <exception class="org.openqa.selenium.UnhandledAlertException">
            <message>
              <![CDATA[unexpected alert open: {Alert text : Welcome on Frame}
  (Session info: chrome=110.0.5481.178): Welcome on Frame
Build info: version: '4.8.0', revision: '267030adea'
System info: os.name: 'Windows 11', os.arch: 'amd64', os.version: '10.0', java.version: '18.0.2.1'
Driver info: org.openqa.selenium.chrome.ChromeDriver
Command: [dfc2bf94ff3785dd38eefefbf6a6a903, findElements {using=tag name, value=iframe}]
Capabilities {acceptInsecureCerts: false, browserName: chrome, browserVersion: 110.0.5481.178, chrome: {chromedriverVersion: 110.0.5481.77 (65ed616c6e8e..., userDataDir: C:\Users\EKTA\AppData\Local...}, goog:chromeOptions: {debuggerAddress: localhost:60076}, networkConnectionEnabled: false, pageLoadStrategy: normal, platformName: WINDOWS, proxy: Proxy(), se:cdp: ws://localhost:60076/devtoo..., se:cdpVersion: 110.0.5481.178, setWindowRect: true, strictFileInteractability: false, timeouts: {implicit: 0, pageLoad: 300000, script: 30000}, unhandledPromptBehavior: dismiss and notify, webauthn:extension:credBlob: true, webauthn:extension:largeBlob: true, webauthn:virtualAuthenticators: true}
Session ID: dfc2bf94ff3785dd38eefefbf6a6a903]]>
            </message>
            <full-stacktrace>
              <![CDATA[org.openqa.selenium.UnhandledAlertException: unexpected alert open: {Alert text : Welcome on Frame}
  (Session info: chrome=110.0.5481.178): Welcome on Frame
Build info: version: '4.8.0', revision: '267030adea'
System info: os.name: 'Windows 11', os.arch: 'amd64', os.version: '10.0', java.version: '18.0.2.1'
Driver info: org.openqa.selenium.chrome.ChromeDriver
Command: [dfc2bf94ff3785dd38eefefbf6a6a903, findElements {using=tag name, value=iframe}]
Capabilities {acceptInsecureCerts: false, browserName: chrome, browserVersion: 110.0.5481.178, chrome: {chromedriverVersion: 110.0.5481.77 (65ed616c6e8e..., userDataDir: C:\Users\EKTA\AppData\Local...}, goog:chromeOptions: {debuggerAddress: localhost:60076}, networkConnectionEnabled: false, pageLoadStrategy: normal, platformName: WINDOWS, proxy: Proxy(), se:cdp: ws://localhost:60076/devtoo..., se:cdpVersion: 110.0.5481.178, setWindowRect: true, strictFileInteractability: false, timeouts: {implicit: 0, pageLoad: 300000, script: 30000}, unhandledPromptBehavior: dismiss and notify, webauthn:extension:credBlob: true, webauthn:extension:largeBlob: true, webauthn:virtualAuthenticators: true}
Session ID: dfc2bf94ff3785dd38eefefbf6a6a903
at org.openqa.selenium.remote.codec.w3c.W3CHttpResponseCodec.decode(W3CHttpResponseCodec.java:131)
at org.openqa.selenium.remote.codec.w3c.W3CHttpResponseCodec.decode(W3CHttpResponseCodec.java:53)
at org.openqa.selenium.remote.HttpCommandExecutor.execute(HttpCommandExecutor.java:184)
at org.openqa.selenium.remote.service.DriverCommandExecutor.invokeExecute(DriverCommandExecutor.java:167)
at org.openqa.selenium.remote.service.DriverCommandExecutor.execute(DriverCommandExecutor.java:142)
at org.openqa.selenium.remote.RemoteWebDriver.execute(RemoteWebDriver.java:543)
at org.openqa.selenium.remote.ElementLocation$ElementFinder$2.findElements(ElementLocation.java:179)
at org.openqa.selenium.remote.ElementLocation.findElements(ElementLocation.java:102)
at org.openqa.selenium.remote.RemoteWebDriver.findElements(RemoteWebDriver.java:367)
at org.openqa.selenium.remote.RemoteWebDriver.findElements(RemoteWebDriver.java:359)
at com.bridgelabz.test.LinkedInFrameHandling.SignUpPage(LinkedInFrameHandling.java:29)
at java.base/jdk.internal.reflect.DirectMethodHandleAccessor.invoke(DirectMethodHandleAccessor.java:104)
at java.base/java.lang.reflect.Method.invoke(Method.java:577)
at org.testng.internal.MethodInvocationHelper.invokeMethod(MethodInvocationHelper.java:134)
at org.testng.internal.TestInvoker.invokeMethod(TestInvoker.java:597)
at org.testng.internal.TestInvoker.invokeTestMethod(TestInvoker.java:173)
at org.testng.internal.MethodRunner.runInSequence(MethodRunner.java:46)
at org.testng.internal.TestInvoker$MethodInvocationAgent.invoke(TestInvoker.java:816)
at org.testng.internal.TestInvoker.invokeTestMethods(TestInvoker.java:146)
at org.testng.internal.TestMethodWorker.invokeTestMethods(TestMethodWorker.java:146)
at org.testng.internal.TestMethodWorker.run(TestMethodWorker.java:128)
at java.base/java.util.ArrayList.forEach(ArrayList.java:1511)
at org.testng.TestRunner.privateRun(TestRunner.java:766)
at org.testng.TestRunner.run(TestRunner.java:587)
at org.testng.SuiteRunner.runTest(SuiteRunner.java:384)
at org.testng.SuiteRunner.runSequentially(SuiteRunner.java:378)
at org.testng.SuiteRunner.privateRun(SuiteRunner.java:337)
at org.testng.SuiteRunner.run(SuiteRunner.java:286)
at org.testng.SuiteRunnerWorker.runSuite(SuiteRunnerWorker.java:53)
at org.testng.SuiteRunnerWorker.run(SuiteRunnerWorker.java:96)
at org.testng.TestNG.runSuitesSequentially(TestNG.java:1187)
at org.testng.TestNG.runSuitesLocally(TestNG.java:1109)
at org.testng.TestNG.runSuites(TestNG.java:1039)
at org.testng.TestNG.run(TestNG.java:1007)
at com.intellij.rt.testng.IDEARemoteTestNG.run(IDEARemoteTestNG.java:66)
at com.intellij.rt.testng.RemoteTestNGStarter.main(RemoteTestNGStarter.java:109)
]]>
            </full-stacktrace>
          </exception> <!-- org.openqa.selenium.UnhandledAlertException -->
          <reporter-output>
          </reporter-output>
        </test-method> <!-- SignUpPage -->
      </class> <!-- com.bridgelabz.test.LinkedInFrameHandling -->
      <class name="com.bridgelabz.test.Locators">
        <test-method signature="demoLocators()[pri:0, instance:com.bridgelabz.test.Locators@51b7e5df]" started-at="2023-03-02T23:12:06 IST" name="demoLocators" finished-at="2023-03-02T23:12:10 IST" duration-ms="3395" status="PASS">
          <reporter-output>
          </reporter-output>
        </test-method> <!-- demoLocators -->
      </class> <!-- com.bridgelabz.test.Locators -->
      <class name="com.bridgelabz.test.Amazon">
        <test-method is-config="true" signature="setUp(java.lang.String)[pri:0, instance:com.bridgelabz.test.Amazon@971d0d8]" started-at="2023-03-02T23:11:07 IST" name="setUp" finished-at="2023-03-02T23:11:11 IST" duration-ms="3257" status="PASS">
          <params>
            <param index="0">
              <value>
                <![CDATA[Chrome]]>
              </value>
            </param>
          </params>
          <reporter-output>
          </reporter-output>
        </test-method> <!-- setUp -->
        <test-method signature="returnOrders()[pri:0, instance:com.bridgelabz.test.Amazon@971d0d8]" started-at="2023-03-02T23:11:11 IST" name="returnOrders" finished-at="2023-03-02T23:11:19 IST" duration-ms="7987" status="PASS">
          <reporter-output>
          </reporter-output>
        </test-method> <!-- returnOrders -->
        <test-method is-config="true" signature="TearDown()[pri:0, instance:com.bridgelabz.test.Amazon@971d0d8]" started-at="2023-03-02T23:12:24 IST" name="TearDown" finished-at="2023-03-02T23:12:24 IST" duration-ms="48" status="PASS">
          <reporter-output>
          </reporter-output>
        </test-method> <!-- TearDown -->
      </class> <!-- com.bridgelabz.test.Amazon -->
      <class name="com.bridgelabz.test.JavaScriptExecutor">
        <test-method signature="Execute()[pri:0, instance:com.bridgelabz.test.JavaScriptExecutor@2b4a2ec7]" started-at="2023-03-02T23:11:38 IST" name="Execute" finished-at="2023-03-02T23:11:59 IST" duration-ms="21062" status="PASS">
          <reporter-output>
          </reporter-output>
        </test-method> <!-- Execute -->
      </class> <!-- com.bridgelabz.test.JavaScriptExecutor -->
      <class name="com.bridgelabz.test.FbSelectClass">
        <test-method signature="CreateScreen()[pri:0, instance:com.bridgelabz.test.FbSelectClass@51931956]" started-at="2023-03-02T23:11:19 IST" name="CreateScreen" description="data input into create account screen" finished-at="2023-03-02T23:11:36 IST" duration-ms="16922" status="PASS">
          <reporter-output>
          </reporter-output>
        </test-method> <!-- CreateScreen -->
        <test-method signature="RedirectOnToFbScreen_IdDisplayedImg()[pri:1, instance:com.bridgelabz.test.FbSelectClass@51931956]" started-at="2023-03-02T23:11:36 IST" name="RedirectOnToFbScreen_IdDisplayedImg" description="Screen redirects to Facebook Screen" finished-at="2023-03-02T23:11:37 IST" duration-ms="1018" status="PASS">
          <reporter-output>
          </reporter-output>
        </test-method> <!-- RedirectOnToFbScreen_IdDisplayedImg -->
        <test-method signature="NavigateOnFbLoginScreen_Success()[pri:2, instance:com.bridgelabz.test.FbSelectClass@51931956]" started-at="2023-03-02T23:11:37 IST" name="NavigateOnFbLoginScreen_Success" description="Screen navigate on facebook login screen" finished-at="2023-03-02T23:11:38 IST" duration-ms="890" status="PASS">
          <reporter-output>
          </reporter-output>
        </test-method> <!-- NavigateOnFbLoginScreen_Success -->
      </class> <!-- com.bridgelabz.test.FbSelectClass -->
    </test> <!-- C:/Users/EKTA/IdeaProjects/SeleniumJava -->
  </suite> <!-- All Test Suite -->
</testng-results>
